# JRE version: OpenJDK Runtime Environment (11.0.9.1) (build 11.0.9.1+0-b77-7246554)
# Java VM: OpenJDK 64-Bit Server VM (11.0.9.1+0-b77-7246554, mixed mode, tiered, compressed oops, g1 gc, linux-amd64)
Heap:
 garbage-first heap   total 826368K, used 106460K [0x0000000080000000, 0x0000000100000000)
  region size 1024K, 1 young (1024K), 1 survivors (1024K)
 Metaspace       used 93778K, capacity 96407K, committed 96768K, reserved 1132544K
  class space    used 11798K, capacity 12729K, committed 12800K, reserved 1048576K
GC Heap History (20 events):
Event: 299.152 GC heap after
{Heap after GC invocations=57 (full 0):
 garbage-first heap   total 307200K, used 72076K [0x0000000080000000, 0x0000000100000000)
  region size 1024K, 1 young (1024K), 1 survivors (1024K)
 Metaspace       used 66080K, capacity 68016K, committed 68352K, reserved 1107968K
  class space    used 8200K, capacity 8855K, committed 8960K, reserved 1048576K
}
Event: 300.505 GC heap before
{Heap before GC invocations=57 (full 0):
 garbage-first heap   total 307200K, used 86412K [0x0000000080000000, 0x0000000100000000)
  region size 1024K, 15 young (15360K), 1 survivors (1024K)
 Metaspace       used 66080K, capacity 68016K, committed 68352K, reserved 1107968K
  class space    used 8200K, capacity 8855K, committed 8960K, reserved 1048576K
}
Event: 300.525 GC heap after
{Heap after GC invocations=58 (full 0):
 garbage-first heap   total 307200K, used 72274K [0x0000000080000000, 0x0000000100000000)
  region size 1024K, 1 young (1024K), 1 survivors (1024K)
 Metaspace       used 66080K, capacity 68016K, committed 68352K, reserved 1107968K
  class space    used 8200K, capacity 8855K, committed 8960K, reserved 1048576K
}
Event: 300.817 GC heap before
{Heap before GC invocations=58 (full 0):
 garbage-first heap   total 307200K, used 86610K [0x0000000080000000, 0x0000000100000000)
  region size 1024K, 15 young (15360K), 1 survivors (1024K)
 Metaspace       used 66103K, capacity 68022K, committed 68352K, reserved 1107968K
  class space    used 8200K, capacity 8855K, committed 8960K, reserved 1048576K
}
Event: 300.818 GC heap after
{Heap after GC invocations=59 (full 0):
 garbage-first heap   total 307200K, used 72297K [0x0000000080000000, 0x0000000100000000)
  region size 1024K, 1 young (1024K), 1 survivors (1024K)
 Metaspace       used 66103K, capacity 68022K, committed 68352K, reserved 1107968K
  class space    used 8200K, capacity 8855K, committed 8960K, reserved 1048576K
}
Event: 311.294 GC heap before
{Heap before GC invocations=59 (full 0):
 garbage-first heap   total 307200K, used 234089K [0x0000000080000000, 0x0000000100000000)
  region size 1024K, 154 young (157696K), 1 survivors (1024K)
 Metaspace       used 68767K, capacity 70927K, committed 71296K, reserved 1112064K
  class space    used 8572K, capacity 9308K, committed 9344K, reserved 1048576K
}
Event: 311.305 GC heap after
{Heap after GC invocations=60 (full 0):
 garbage-first heap   total 307200K, used 87833K [0x0000000080000000, 0x0000000100000000)
  region size 1024K, 10 young (10240K), 10 survivors (10240K)
 Metaspace       used 68767K, capacity 70927K, committed 71296K, reserved 1112064K
  class space    used 8572K, capacity 9308K, committed 9344K, reserved 1048576K
}
Event: 334.905 GC heap before
{Heap before GC invocations=60 (full 0):
 garbage-first heap   total 307200K, used 234265K [0x0000000080000000, 0x0000000100000000)
  region size 1024K, 153 young (156672K), 10 survivors (10240K)
 Metaspace       used 83363K, capacity 85706K, committed 86016K, reserved 1124352K
  class space    used 10361K, capacity 11205K, committed 11264K, reserved 1048576K
}
Event: 335.471 GC heap after
{Heap after GC invocations=61 (full 0):
 garbage-first heap   total 307200K, used 96873K [0x0000000080000000, 0x0000000100000000)
  region size 1024K, 19 young (19456K), 19 survivors (19456K)
 Metaspace       used 83363K, capacity 85706K, committed 86016K, reserved 1124352K
  class space    used 10361K, capacity 11205K, committed 11264K, reserved 1048576K
}
Event: 335.518 GC heap before
{Heap before GC invocations=61 (full 0):
 garbage-first heap   total 307200K, used 97897K [0x0000000080000000, 0x0000000100000000)
  region size 1024K, 20 young (20480K), 19 survivors (19456K)
 Metaspace       used 83363K, capacity 85706K, committed 86016K, reserved 1124352K
  class space    used 10361K, capacity 11205K, committed 11264K, reserved 1048576K
}
Event: 335.532 GC heap after
{Heap after GC invocations=62 (full 0):
 garbage-first heap   total 307200K, used 98335K [0x0000000080000000, 0x0000000100000000)
  region size 1024K, 2 young (2048K), 2 survivors (2048K)
 Metaspace       used 83363K, capacity 85706K, committed 86016K, reserved 1124352K
  class space    used 10361K, capacity 11205K, committed 11264K, reserved 1048576K
}
Event: 338.749 GC heap before
{Heap before GC invocations=62 (full 0):
 garbage-first heap   total 307200K, used 142367K [0x0000000080000000, 0x0000000100000000)
  region size 1024K, 45 young (46080K), 2 survivors (2048K)
 Metaspace       used 86928K, capacity 89307K, committed 89600K, reserved 1126400K
  class space    used 10901K, capacity 11762K, committed 11776K, reserved 1048576K
}
Event: 338.755 GC heap after
{Heap after GC invocations=63 (full 0):
 garbage-first heap   total 307200K, used 100391K [0x0000000080000000, 0x0000000100000000)
  region size 1024K, 4 young (4096K), 4 survivors (4096K)
 Metaspace       used 86928K, capacity 89307K, committed 89600K, reserved 1126400K
  class space    used 10901K, capacity 11762K, committed 11776K, reserved 1048576K
}
Event: 357.247 GC heap before
{Heap before GC invocations=63 (full 0):
 garbage-first heap   total 307200K, used 182311K [0x0000000080000000, 0x0000000100000000)
  region size 1024K, 85 young (87040K), 4 survivors (4096K)
 Metaspace       used 93714K, capacity 96272K, committed 96512K, reserved 1132544K
  class space    used 11798K, capacity 12728K, committed 12800K, reserved 1048576K
}
Event: 360.758 GC heap after
{Heap after GC invocations=64 (full 0):
 garbage-first heap   total 307200K, used 106537K [0x0000000080000000, 0x0000000100000000)
  region size 1024K, 10 young (10240K), 10 survivors (10240K)
 Metaspace       used 93714K, capacity 96272K, committed 96512K, reserved 1132544K
  class space    used 11798K, capacity 12728K, committed 12800K, reserved 1048576K
}
Event: 366.597 GC heap before
{Heap before GC invocations=64 (full 0):
 garbage-first heap   total 307200K, used 111657K [0x0000000080000000, 0x0000000100000000)
  region size 1024K, 15 young (15360K), 10 survivors (10240K)
 Metaspace       used 93716K, capacity 96273K, committed 96512K, reserved 1132544K
  class space    used 11798K, capacity 12728K, committed 12800K, reserved 1048576K
}
Event: 387.598 GC heap after
{Heap after GC invocations=65 (full 0):
 garbage-first heap   total 307200K, used 107559K [0x0000000080000000, 0x0000000100000000)
  region size 1024K, 2 young (2048K), 2 survivors (2048K)
 Metaspace       used 93716K, capacity 96273K, committed 96512K, reserved 1132544K
  class space    used 11798K, capacity 12728K, committed 12800K, reserved 1048576K
}
Event: 454.132 GC heap before
{Heap before GC invocations=65 (full 0):
 garbage-first heap   total 307200K, used 120871K [0x0000000080000000, 0x0000000100000000)
  region size 1024K, 15 young (15360K), 2 survivors (2048K)
 Metaspace       used 93733K, capacity 96279K, committed 96512K, reserved 1132544K
  class space    used 11798K, capacity 12729K, committed 12800K, reserved 1048576K
}
Event: 459.435 GC heap after
{Heap after GC invocations=66 (full 0):
 garbage-first heap   total 307200K, used 106631K [0x0000000080000000, 0x0000000100000000)
  region size 1024K, 1 young (1024K), 1 survivors (1024K)
 Metaspace       used 93733K, capacity 96279K, committed 96512K, reserved 1132544K
  class space    used 11798K, capacity 12729K, committed 12800K, reserved 1048576K
}
Event: 552.819 GC heap before
{Heap before GC invocations=66 (full 0):
 garbage-first heap   total 307200K, used 120967K [0x0000000080000000, 0x0000000100000000)
  region size 1024K, 15 young (15360K), 1 survivors (1024K)
 Metaspace       used 93778K, capacity 96407K, committed 96768K, reserved 1132544K
  class space    used 11798K, capacity 12729K, committed 12800K, reserved 1048576K
}

